2021-09-12T08:51:25+00:00 CRITICAL Uncaught TypeError: Elementor\Elements_Manager::create_element_instance(): Argument #1 ($element_data) must be of type array, string given, called in C:\xampp\htdocs\word94\wp-content\plugins\elementor\core\base\document.php on line 826 and defined in C:\xampp\htdocs\word94\wp-content\plugins\elementor\includes\managers\elements.php:68
Stack trace:
#0 C:\xampp\htdocs\word94\wp-content\plugins\elementor\core\base\document.php(826): Elementor\Elements_Manager->create_element_instance('Array')
#1 C:\xampp\htdocs\word94\wp-content\plugins\astra-sites\inc\importers\batch-processing\class-astra-sites-batch-processing-elementor.php(121): Elementor\Core\Base\Document->get_elements_raw_data(Array, true)
#2 C:\xampp\htdocs\word94\wp-content\plugins\astra-sites\inc\importers\batch-processing\class-astra-sites-batch-processing-elementor.php(66): Elementor\TemplateLibrary\Astra_Sites_Batch_Processing_Elementor->import_single_post(500)
#3 C:\xampp\htdocs\word94\wp-content\plugins\astra-sites\inc\importers\batch-processing\helpers\class-wp-background-process-astra.php(41): Elementor\TemplateLibrary\Astra_Sites_Batch_Processing_Elementor->import()
#4 C:\xampp\htdocs\word94\wp-content\plugins\woocommerce\includes\libraries\wp-background-process.php(301): WP_Background_Process_Astra->task(Object(Elementor\TemplateLibrary\Astra_Sites_Batch_Processing_Elementor))
#5 C:\xampp\htdocs\word94\wp-content\plugins\woocommerce\includes\libraries\wp-background-process.php(447): WP_Background_Process->handle()
#6 C:\xampp\htdocs\word94\wp-includes\class-wp-hook.php(303): WP_Background_Process->handle_cron_healthcheck()
#7 C:\xampp\htdocs\word94\wp-includes\class-wp-hook.php(327): WP_Hook->apply_filters('', Array)
#8 C:\xampp\htdocs\word94\wp-includes\plugin.php(518): WP_Hook->do_action(Array)
#9 C:\xampp\htdocs\word94\wp-cron.php(138): do_action_ref_array('wp_image_proces...', Array)
#10 {main}
  thrown in C:\xampp\htdocs\word94\wp-content\plugins\elementor\includes\managers\elements.php on line 68

2021-09-12T13:57:00+00:00 CRITICAL Uncaught TypeError: Elementor\Elements_Manager::create_element_instance(): Argument #1 ($element_data) must be of type array, string given, called in C:\xampp\htdocs\word94\wp-content\plugins\elementor\core\base\document.php on line 826 and defined in C:\xampp\htdocs\word94\wp-content\plugins\elementor\includes\managers\elements.php:68
Stack trace:
#0 C:\xampp\htdocs\word94\wp-content\plugins\elementor\core\base\document.php(826): Elementor\Elements_Manager->create_element_instance('Array')
#1 C:\xampp\htdocs\word94\wp-content\plugins\astra-sites\inc\importers\batch-processing\class-astra-sites-batch-processing-elementor.php(121): Elementor\Core\Base\Document->get_elements_raw_data(Array, true)
#2 C:\xampp\htdocs\word94\wp-content\plugins\astra-sites\inc\importers\batch-processing\class-astra-sites-batch-processing-elementor.php(66): Elementor\TemplateLibrary\Astra_Sites_Batch_Processing_Elementor->import_single_post(500)
#3 C:\xampp\htdocs\word94\wp-content\plugins\astra-sites\inc\importers\batch-processing\helpers\class-wp-background-process-astra.php(41): Elementor\TemplateLibrary\Astra_Sites_Batch_Processing_Elementor->import()
#4 C:\xampp\htdocs\word94\wp-content\plugins\woocommerce\includes\libraries\wp-background-process.php(301): WP_Background_Process_Astra->task(Object(Elementor\TemplateLibrary\Astra_Sites_Batch_Processing_Elementor))
#5 C:\xampp\htdocs\word94\wp-content\plugins\woocommerce\includes\libraries\wp-background-process.php(447): WP_Background_Process->handle()
#6 C:\xampp\htdocs\word94\wp-includes\class-wp-hook.php(303): WP_Background_Process->handle_cron_healthcheck()
#7 C:\xampp\htdocs\word94\wp-includes\class-wp-hook.php(327): WP_Hook->apply_filters('', Array)
#8 C:\xampp\htdocs\word94\wp-includes\plugin.php(518): WP_Hook->do_action(Array)
#9 C:\xampp\htdocs\word94\wp-cron.php(138): do_action_ref_array('wp_image_proces...', Array)
#10 {main}
  thrown in C:\xampp\htdocs\word94\wp-content\plugins\elementor\includes\managers\elements.php on line 68

2021-09-12T14:00:20+00:00 CRITICAL Uncaught TypeError: Elementor\Elements_Manager::create_element_instance(): Argument #1 ($element_data) must be of type array, string given, called in C:\xampp\htdocs\word94\wp-content\plugins\elementor\core\base\document.php on line 826 and defined in C:\xampp\htdocs\word94\wp-content\plugins\elementor\includes\managers\elements.php:68
Stack trace:
#0 C:\xampp\htdocs\word94\wp-content\plugins\elementor\core\base\document.php(826): Elementor\Elements_Manager->create_element_instance('Array')
#1 C:\xampp\htdocs\word94\wp-content\plugins\astra-sites\inc\importers\batch-processing\class-astra-sites-batch-processing-elementor.php(121): Elementor\Core\Base\Document->get_elements_raw_data(Array, true)
#2 C:\xampp\htdocs\word94\wp-content\plugins\astra-sites\inc\importers\batch-processing\class-astra-sites-batch-processing-elementor.php(66): Elementor\TemplateLibrary\Astra_Sites_Batch_Processing_Elementor->import_single_post(500)
#3 C:\xampp\htdocs\word94\wp-content\plugins\astra-sites\inc\importers\batch-processing\helpers\class-wp-background-process-astra.php(41): Elementor\TemplateLibrary\Astra_Sites_Batch_Processing_Elementor->import()
#4 C:\xampp\htdocs\word94\wp-content\plugins\woocommerce\includes\libraries\wp-background-process.php(301): WP_Background_Process_Astra->task(Object(Elementor\TemplateLibrary\Astra_Sites_Batch_Processing_Elementor))
#5 C:\xampp\htdocs\word94\wp-content\plugins\woocommerce\includes\libraries\wp-background-process.php(447): WP_Background_Process->handle()
#6 C:\xampp\htdocs\word94\wp-includes\class-wp-hook.php(303): WP_Background_Process->handle_cron_healthcheck()
#7 C:\xampp\htdocs\word94\wp-includes\class-wp-hook.php(327): WP_Hook->apply_filters('', Array)
#8 C:\xampp\htdocs\word94\wp-includes\plugin.php(518): WP_Hook->do_action(Array)
#9 C:\xampp\htdocs\word94\wp-cron.php(138): do_action_ref_array('wp_image_proces...', Array)
#10 {main}
  thrown in C:\xampp\htdocs\word94\wp-content\plugins\elementor\includes\managers\elements.php on line 68

